make all --print-data-base --no-builtin-variables --no-builtin-rules --question
# GNU Make 4.3
# Built for x86_64-pc-linux-gnu
# Copyright (C) 1988-2020 Free Software Foundation, Inc.
# License GPLv3+: GNU GPL version 3 or later <http://gnu.org/licenses/gpl.html>
# This is free software: you are free to change and redistribute it.
# There is NO WARRANTY, to the extent permitted by law.

# Make data base, printed on Thu Aug 18 16:10:15 2022

# Variables

# environment
GDK_BACKEND = x11
# environment
LC_ALL = C
# environment
NO_AT_BRIDGE = 1
# environment
GJS_DEBUG_OUTPUT = stderr
# environment
LC_NAME = en_US.UTF-8
# environment
LC_NUMERIC = en_US.UTF-8
# environment
VSCODE_CWD = /home/tharpem
# environment
WINDOWPATH = 2
# environment
CLOUDSDK_ROOT_DIR = /opt/google-cloud-sdk
# environment
LC_ADDRESS = en_US.UTF-8
# environment
GDM_LANG = en_US.UTF-8
# default
MAKE_COMMAND := make
# automatic
@D = $(patsubst %/,%,$(dir $@))
# environment
VSCODE_HANDLES_UNCAUGHT_ERRORS = true
# default
.VARIABLES := 
# environment
PWD = /home/tharpem/src/github/mtharpe/docker/docker-images
# automatic
%D = $(patsubst %/,%,$(dir $%))
# environment
MAIL = /var/spool/mail/tharpem
# environment
XDG_DATA_DIRS = /usr/local/share/:/usr/share/:/var/lib/snapd/desktop
# automatic
^D = $(patsubst %/,%,$(dir $^))
# automatic
%F = $(notdir $%)
# environment
VSCODE_CODE_CACHE_PATH = /home/tharpem/.config/Code/CachedData/e4503b30fc78200f846c62cf8091b76ff5547662
# environment
LANG = C
# environment
XAUTHORITY = /run/user/1000/gdm/Xauthority
# default
.LOADED := 
# default
.INCLUDE_DIRS = /usr/include /usr/local/include /usr/include
# makefile
MAKEFLAGS = pqrR
# makefile
CURDIR := /home/tharpem/src/github/mtharpe/docker/docker-images
# environment
APPLICATION_INSIGHTS_NO_DIAGNOSTIC_CHANNEL = true
# automatic
*D = $(patsubst %/,%,$(dir $*))
# environment
MFLAGS = -pqrR
# environment
SSH_AUTH_SOCK = /run/user/1000/keyring/ssh
# default
.SHELLFLAGS := -c
# environment
CLOUDSDK_PYTHON = /usr/bin/python
# automatic
+D = $(patsubst %/,%,$(dir $+))
# environment
XDG_SESSION_DESKTOP = gnome
# makefile (from 'Makefile', line 1)
MAKEFILE_LIST := Makefile
# automatic
@F = $(notdir $@)
# environment
VSCODE_PID = 926237
# environment
XDG_SESSION_TYPE = x11
# automatic
?D = $(patsubst %/,%,$(dir $?))
# environment
SESSION_MANAGER = local/tharpem-desktop:@/tmp/.ICE-unix/704,unix/tharpem-desktop:/tmp/.ICE-unix/704
# automatic
*F = $(notdir $*)
# makefile (from 'Makefile', line 4)
MANJARO = latest
# environment
CHROME_DESKTOP = code-url-handler.desktop
# environment
DBUS_SESSION_BUS_ADDRESS = unix:path=/run/user/1000/bus
# automatic
<D = $(patsubst %/,%,$(dir $<))
# environment
VSCODE_NLS_CONFIG = {"locale":"en-us","availableLanguages":{},"_languagePackSupport":true}
# default
MAKE_HOST := x86_64-pc-linux-gnu
# makefile
SHELL = /bin/sh
# default
MAKECMDGOALS := all
# environment
XMODIFIERS = @im=ibus
# environment
DOTNET_BUNDLE_EXTRACT_BASE_DIR = /home/tharpem/.cache/dotnet_bundle_extract
# environment
GJS_DEBUG_TOPICS = JS ERROR;JS LOG
# environment
SHLVL = 1
# environment
GOOGLE_CLOUD_SDK_HOME = /opt/google-cloud-sdk
# environment
MAKELEVEL := 0
# makefile (from 'Makefile', line 2)
UBUNTU = 18.04 20.04 21.04 22.04 latest
# default
MAKE = $(MAKE_COMMAND)
# environment
PATH = /home/tharpem/.local/bin:/opt/google-cloud-sdk/bin:/usr/local/bin:/usr/bin:/var/lib/snapd/snap/bin:/usr/local/sbin:/home/tharpem/.dotnet/tools:/usr/bin/site_perl:/usr/bin/vendor_perl:/usr/bin/core_perl
# default
MAKEFILES := 
# environment
LC_MONETARY = en_US.UTF-8
# environment
MOTD_SHOWN = pam
# automatic
^F = $(notdir $^)
# makefile (from 'Makefile', line 1)
FEDORA = 33 34 35 36 latest
# environment
LC_TIME = en_US.UTF-8
# environment
INVOCATION_ID = 5f754589b5e34b33837e3038d863c930
# environment
USERNAME = tharpem
# environment
LC_TELEPHONE = en_US.UTF-8
# automatic
?F = $(notdir $?)
# environment
XDG_CURRENT_DESKTOP = GNOME
# automatic
+F = $(notdir $+)
# environment
DESKTOP_SESSION = gnome
# environment
ORIGINAL_XDG_CURRENT_DESKTOP = GNOME
# 'override' directive
GNUMAKEFLAGS := 
# environment
LOGNAME = tharpem
# environment
GIO_LAUNCHED_DESKTOP_FILE = /usr/share/applications/visual-studio-code.desktop
# makefile
.DEFAULT_GOAL := fedora
# environment
SYSTEMD_EXEC_PID = 719
# environment
EDITOR = /usr/bin/nano
# environment
DISPLAY = :0
# environment
USER = tharpem
# default
MAKE_VERSION := 4.3
# environment
MANAGERPID = 653
# environment
LC_MEASUREMENT = en_US.UTF-8
# environment
GIO_LAUNCHED_DESKTOP_FILE_PID = 926219
# environment
_ = /usr/bin/make
# environment
LC_PAPER = en_US.UTF-8
# environment
XDG_RUNTIME_DIR = /run/user/1000
# environment
JOURNAL_STREAM = 8:16744
# environment
XDG_SESSION_CLASS = user
# environment
VSCODE_AMD_ENTRYPOINT = vs/workbench/api/node/extensionHostProcess
# environment
HOME = /home/tharpem
# environment
QT_IM_MODULE = ibus
# environment
CLOUDSDK_PYTHON_ARGS = -S
# environment
ELECTRON_RUN_AS_NODE = 1
# environment
VSCODE_IPC_HOOK = /run/user/1000/vscode-ffae7140-1.70.2-main.sock
# default
.RECIPEPREFIX := 
# automatic
<F = $(notdir $<)
# default
SUFFIXES := 
# environment
QT_AUTO_SCREEN_SCALE_FACTOR = 1
# environment
VSCODE_CLI = 1
# environment
ELECTRON_NO_ATTACH_CONSOLE = 1
# default
.FEATURES := target-specific order-only second-expansion else-if shortest-stem undefine oneshell nocomment grouped-target extra-prereqs archives jobserver output-sync check-symlink guile load
# environment
XDG_MENU_PREFIX = gnome-
# environment
DOTNET_ROOT = /usr/share/dotnet
# makefile (from 'Makefile', line 3)
ALPINE = 3.14 3.15 3.16 latest
# environment
GDMSESSION = gnome
# environment
LC_IDENTIFICATION = en_US.UTF-8
# variable set hash-table stats:
# Load=109/1024=11%, Rehash=0, Collisions=4/139=3%

# Pattern-specific Variable Values

# No pattern-specific variable values.

# Directories

# . (device 65024, inode 4851676): 12 files, no impossibilities.

# 12 files, no impossibilities in 1 directories.

# Implicit Rules

# No implicit rules.

# Files

ubuntu:
#  Phony target (prerequisite of .PHONY).
#  Implicit rule search has not been done.
#  File does not exist.
#  File has not been updated.
#  recipe to execute (from 'Makefile', line 11):
	@for i in $(UBUNTU); do \
                printf "\nInstalling Ubuntu $$i Docker Image\n" && docker pull ghcr.io/mtharpe/ubuntu:$$i; done

# Not a target:
Makefile:
#  Implicit rule search has been done.
#  Last modified 2022-08-18 14:43:31.481743504
#  File has been updated.
#  Successfully updated.

fedora:
#  Phony target (prerequisite of .PHONY).
#  Implicit rule search has not been done.
#  File does not exist.
#  File has not been updated.
#  recipe to execute (from 'Makefile', line 7):
	@for i in $(FEDORA); do \
		printf "\nInstalling Fedora $$i Docker Image\n" && docker pull ghcr.io/mtharpe/fedora:$$i; done

# Not a target:
.DEFAULT:
#  Implicit rule search has not been done.
#  Modification time never checked.
#  File has not been updated.

# Not a target:
all:
#  Command line target.
#  Implicit rule search has been done.
#  File does not exist.
#  File has not been updated.

 
make: *** No rule to make target 'all'.  Stop.

install: fedora ubuntu alpine manjaro
#  Phony target (prerequisite of .PHONY).
#  Implicit rule search has not been done.
#  File does not exist.
#  File has not been updated.

alpine:
#  Phony target (prerequisite of .PHONY).
#  Implicit rule search has not been done.
#  File does not exist.
#  File has not been updated.
#  recipe to execute (from 'Makefile', line 15):
	@for i in $(ALPINE); do \
                printf "\nInstalling Alpine $$i Docker Image\n" && docker pull ghcr.io/mtharpe/alpine:$$i; done

.PHONY: fedora ubuntu alpine manjaro install
#  Implicit rule search has not been done.
#  Modification time never checked.
#  File has not been updated.

manjaro:
#  Phony target (prerequisite of .PHONY).
#  Implicit rule search has not been done.
#  File does not exist.
#  File has not been updated.
#  recipe to execute (from 'Makefile', line 19):
	@for i in $(MANJARO); do \
                printf "\nInstalling Manjaro $$i Docker Image\n" && docker pull ghcr.io/mtharpe/manjaro:$$i; done

# files hash-table stats:
# Load=10/1024=1%, Rehash=0, Collisions=0/29=0%
# VPATH Search Paths

# No 'vpath' search paths.

# No general ('VPATH' variable) search path.

# strcache buffers: 1 (0) / strings = 19 / storage = 152 B / avg = 8 B
# current buf: size = 8162 B / used = 152 B / count = 19 / avg = 8 B

# strcache performance: lookups = 42 / hit rate = 54%
# hash-table stats:
# Load=19/8192=0%, Rehash=0, Collisions=0/42=0%
# Finished Make data base on Thu Aug 18 16:10:15 2022

 
